# JRE version: OpenJDK Runtime Environment (8.0_202-b03) (build 1.8.0_202-release-1483-b03)
# Java VM: OpenJDK 64-Bit Server VM (25.202-b03 mixed mode windows-amd64 compressed oops)
Heap:
 PSYoungGen      total 87552K, used 31050K [0x00000000e0000000, 0x00000000e6d00000, 0x0000000100000000)
  eden space 75264K, 24% used [0x00000000e0000000,0x00000000e125a390,0x00000000e4980000)
  from space 12288K, 99% used [0x00000000e5800000,0x00000000e63f8680,0x00000000e6400000)
  to   space 14848K, 0% used [0x00000000e4980000,0x00000000e4980000,0x00000000e5800000)
 ParOldGen       total 106496K, used 20557K [0x00000000a0000000, 0x00000000a6800000, 0x00000000e0000000)
  object space 106496K, 19% used [0x00000000a0000000,0x00000000a14134f8,0x00000000a6800000)
 Metaspace       used 54182K, capacity 55550K, committed 55768K, reserved 1097728K
  class space    used 7284K, capacity 7632K, committed 7680K, reserved 1048576K
GC Heap History (10 events):
Event: 42.241 GC heap before
{Heap before GC invocations=12 (full 1):
 PSYoungGen      total 67072K, used 32851K [0x00000000e0000000, 0x00000000e4c80000, 0x0000000100000000)
  eden space 57856K, 42% used [0x00000000e0000000,0x00000000e183b2a0,0x00000000e3880000)
  from space 9216K, 87% used [0x00000000e4380000,0x00000000e4b59a10,0x00000000e4c80000)
  to   space 10240K, 0% used [0x00000000e3880000,0x00000000e3880000,0x00000000e4280000)
 ParOldGen       total 63488K, used 7786K [0x00000000a0000000, 0x00000000a3e00000, 0x00000000e0000000)
  object space 63488K, 12% used [0x00000000a0000000,0x00000000a079aa08,0x00000000a3e00000)
 Metaspace       used 34527K, capacity 35162K, committed 35416K, reserved 1079296K
  class space    used 4741K, capacity 4899K, committed 4992K, reserved 1048576K
Event: 42.357 GC heap after
Heap after GC invocations=12 (full 1):
 PSYoungGen      total 68096K, used 9250K [0x00000000e0000000, 0x00000000e5d00000, 0x0000000100000000)
  eden space 57856K, 0% used [0x00000000e0000000,0x00000000e0000000,0x00000000e3880000)
  from space 10240K, 90% used [0x00000000e3880000,0x00000000e41889b0,0x00000000e4280000)
  to   space 10752K, 0% used [0x00000000e5280000,0x00000000e5280000,0x00000000e5d00000)
 ParOldGen       total 63488K, used 7794K [0x00000000a0000000, 0x00000000a3e00000, 0x00000000e0000000)
  object space 63488K, 12% used [0x00000000a0000000,0x00000000a079ca08,0x00000000a3e00000)
 Metaspace       used 34527K, capacity 35162K, committed 35416K, reserved 1079296K
  class space    used 4741K, capacity 4899K, committed 4992K, reserved 1048576K
}
Event: 42.357 GC heap before
{Heap before GC invocations=13 (full 2):
 PSYoungGen      total 68096K, used 9250K [0x00000000e0000000, 0x00000000e5d00000, 0x0000000100000000)
  eden space 57856K, 0% used [0x00000000e0000000,0x00000000e0000000,0x00000000e3880000)
  from space 10240K, 90% used [0x00000000e3880000,0x00000000e41889b0,0x00000000e4280000)
  to   space 10752K, 0% used [0x00000000e5280000,0x00000000e5280000,0x00000000e5d00000)
 ParOldGen       total 63488K, used 7794K [0x00000000a0000000, 0x00000000a3e00000, 0x00000000e0000000)
  object space 63488K, 12% used [0x00000000a0000000,0x00000000a079ca08,0x00000000a3e00000)
 Metaspace       used 34527K, capacity 35162K, committed 35416K, reserved 1079296K
  class space    used 4741K, capacity 4899K, committed 4992K, reserved 1048576K
Event: 43.383 GC heap after
Heap after GC invocations=13 (full 2):
 PSYoungGen      total 68096K, used 0K [0x00000000e0000000, 0x00000000e5d00000, 0x0000000100000000)
  eden space 57856K, 0% used [0x00000000e0000000,0x00000000e0000000,0x00000000e3880000)
  from space 10240K, 0% used [0x00000000e3880000,0x00000000e3880000,0x00000000e4280000)
  to   space 10752K, 0% used [0x00000000e5280000,0x00000000e5280000,0x00000000e5d00000)
 ParOldGen       total 106496K, used 15977K [0x00000000a0000000, 0x00000000a6800000, 0x00000000e0000000)
  object space 106496K, 15% used [0x00000000a0000000,0x00000000a0f9a7b0,0x00000000a6800000)
 Metaspace       used 34521K, capacity 35144K, committed 35416K, reserved 1079296K
  class space    used 4740K, capacity 4896K, committed 4992K, reserved 1048576K
}
Event: 50.325 GC heap before
{Heap before GC invocations=14 (full 2):
 PSYoungGen      total 68096K, used 57856K [0x00000000e0000000, 0x00000000e5d00000, 0x0000000100000000)
  eden space 57856K, 100% used [0x00000000e0000000,0x00000000e3880000,0x00000000e3880000)
  from space 10240K, 0% used [0x00000000e3880000,0x00000000e3880000,0x00000000e4280000)
  to   space 10752K, 0% used [0x00000000e5280000,0x00000000e5280000,0x00000000e5d00000)
 ParOldGen       total 106496K, used 15977K [0x00000000a0000000, 0x00000000a6800000, 0x00000000e0000000)
  object space 106496K, 15% used [0x00000000a0000000,0x00000000a0f9a7b0,0x00000000a6800000)
 Metaspace       used 42390K, capacity 43226K, committed 43608K, reserved 1087488K
  class space    used 5709K, capacity 5937K, committed 6016K, reserved 1048576K
Event: 50.368 GC heap after
Heap after GC invocations=14 (full 2):
 PSYoungGen      total 75776K, used 7984K [0x00000000e0000000, 0x00000000e5a80000, 0x0000000100000000)
  eden space 67584K, 0% used [0x00000000e0000000,0x00000000e0000000,0x00000000e4200000)
  from space 8192K, 97% used [0x00000000e5280000,0x00000000e5a4c0d8,0x00000000e5a80000)
  to   space 10752K, 0% used [0x00000000e4580000,0x00000000e4580000,0x00000000e5000000)
 ParOldGen       total 106496K, used 15985K [0x00000000a0000000, 0x00000000a6800000, 0x00000000e0000000)
  object space 106496K, 15% used [0x00000000a0000000,0x00000000a0f9c7b0,0x00000000a6800000)
 Metaspace       used 42390K, capacity 43226K, committed 43608K, reserved 1087488K
  class space    used 5709K, capacity 5937K, committed 6016K, reserved 1048576K
}
Event: 59.398 GC heap before
{Heap before GC invocations=15 (full 2):
 PSYoungGen      total 75776K, used 75568K [0x00000000e0000000, 0x00000000e5a80000, 0x0000000100000000)
  eden space 67584K, 100% used [0x00000000e0000000,0x00000000e4200000,0x00000000e4200000)
  from space 8192K, 97% used [0x00000000e5280000,0x00000000e5a4c0d8,0x00000000e5a80000)
  to   space 10752K, 0% used [0x00000000e4580000,0x00000000e4580000,0x00000000e5000000)
 ParOldGen       total 106496K, used 15985K [0x00000000a0000000, 0x00000000a6800000, 0x00000000e0000000)
  object space 106496K, 15% used [0x00000000a0000000,0x00000000a0f9c7b0,0x00000000a6800000)
 Metaspace       used 47130K, capacity 48200K, committed 48600K, reserved 1091584K
  class space    used 6316K, capacity 6609K, committed 6656K, reserved 1048576K
Event: 59.429 GC heap after
Heap after GC invocations=15 (full 2):
 PSYoungGen      total 81920K, used 10729K [0x00000000e0000000, 0x00000000e6400000, 0x0000000100000000)
  eden space 71168K, 0% used [0x00000000e0000000,0x00000000e0000000,0x00000000e4580000)
  from space 10752K, 99% used [0x00000000e4580000,0x00000000e4ffa718,0x00000000e5000000)
  to   space 12288K, 0% used [0x00000000e5800000,0x00000000e5800000,0x00000000e6400000)
 ParOldGen       total 106496K, used 16652K [0x00000000a0000000, 0x00000000a6800000, 0x00000000e0000000)
  object space 106496K, 15% used [0x00000000a0000000,0x00000000a1043010,0x00000000a6800000)
 Metaspace       used 47130K, capacity 48200K, committed 48600K, reserved 1091584K
  class space    used 6316K, capacity 6609K, committed 6656K, reserved 1048576K
}
Event: 65.940 GC heap before
{Heap before GC invocations=16 (full 2):
 PSYoungGen      total 81920K, used 81897K [0x00000000e0000000, 0x00000000e6400000, 0x0000000100000000)
  eden space 71168K, 100% used [0x00000000e0000000,0x00000000e4580000,0x00000000e4580000)
  from space 10752K, 99% used [0x00000000e4580000,0x00000000e4ffa718,0x00000000e5000000)
  to   space 12288K, 0% used [0x00000000e5800000,0x00000000e5800000,0x00000000e6400000)
 ParOldGen       total 106496K, used 16652K [0x00000000a0000000, 0x00000000a6800000, 0x00000000e0000000)
  object space 106496K, 15% used [0x00000000a0000000,0x00000000a1043010,0x00000000a6800000)
 Metaspace       used 52484K, capacity 53938K, committed 54104K, reserved 1095680K
  class space    used 7099K, capacity 7464K, committed 7552K, reserved 1048576K
Event: 66.016 GC heap after
Heap after GC invocations=16 (full 2):
 PSYoungGen      total 87552K, used 12257K [0x00000000e0000000, 0x00000000e6d00000, 0x0000000100000000)
  eden space 75264K, 0% used [0x00000000e0000000,0x00000000e0000000,0x00000000e4980000)
  from space 12288K, 99% used [0x00000000e5800000,0x00000000e63f8680,0x00000000e6400000)
  to   space 14848K, 0% used [0x00000000e4980000,0x00000000e4980000,0x00000000e5800000)
 ParOldGen       total 106496K, used 20557K [0x00000000a0000000, 0x00000000a6800000, 0x00000000e0000000)
  object space 106496K, 19% used [0x00000000a0000000,0x00000000a14134f8,0x00000000a6800000)
 Metaspace       used 52484K, capacity 53938K, committed 54104K, reserved 1095680K
  class space    used 7099K, capacity 7464K, committed 7552K, reserved 1048576K
}

