# JRE version: OpenJDK Runtime Environment (8.0_202-b03) (build 1.8.0_202-release-1483-b03)
# Java VM: OpenJDK 64-Bit Server VM (25.202-b03 mixed mode windows-amd64 compressed oops)
Heap:
 PSYoungGen      total 126976K, used 40162K [0x00000000e0000000, 0x00000000e9180000, 0x0000000100000000)
  eden space 113152K, 23% used [0x00000000e0000000,0x00000000e19b9618,0x00000000e6e80000)
  from space 13824K, 99% used [0x00000000e6e80000,0x00000000e7bff590,0x00000000e7c00000)
  to   space 16896K, 0% used [0x00000000e8100000,0x00000000e8100000,0x00000000e9180000)
 ParOldGen       total 120320K, used 19624K [0x00000000a0000000, 0x00000000a7580000, 0x00000000e0000000)
  object space 120320K, 16% used [0x00000000a0000000,0x00000000a132a338,0x00000000a7580000)
 Metaspace       used 54246K, capacity 55660K, committed 55768K, reserved 1097728K
  class space    used 7292K, capacity 7663K, committed 7680K, reserved 1048576K
GC Heap History (10 events):
Event: 32.429 GC heap before
{Heap before GC invocations=7 (full 1):
 PSYoungGen      total 71680K, used 71670K [0x00000000e0000000, 0x00000000e6f80000, 0x0000000100000000)
  eden space 66560K, 100% used [0x00000000e0000000,0x00000000e4100000,0x00000000e4100000)
  from space 5120K, 99% used [0x00000000e4100000,0x00000000e45fda78,0x00000000e4600000)
  to   space 12288K, 0% used [0x00000000e6380000,0x00000000e6380000,0x00000000e6f80000)
 ParOldGen       total 72704K, used 13550K [0x00000000a0000000, 0x00000000a4700000, 0x00000000e0000000)
  object space 72704K, 18% used [0x00000000a0000000,0x00000000a0d3baf8,0x00000000a4700000)
 Metaspace       used 32140K, capacity 32564K, committed 33024K, reserved 1077248K
  class space    used 4417K, capacity 4563K, committed 4608K, reserved 1048576K
Event: 32.452 GC heap after
Heap after GC invocations=7 (full 1):
 PSYoungGen      total 97792K, used 8570K [0x00000000e0000000, 0x00000000e6d80000, 0x0000000100000000)
  eden space 87552K, 0% used [0x00000000e0000000,0x00000000e0000000,0x00000000e5580000)
  from space 10240K, 83% used [0x00000000e6380000,0x00000000e6bde938,0x00000000e6d80000)
  to   space 12288K, 0% used [0x00000000e5580000,0x00000000e5580000,0x00000000e6180000)
 ParOldGen       total 72704K, used 13558K [0x00000000a0000000, 0x00000000a4700000, 0x00000000e0000000)
  object space 72704K, 18% used [0x00000000a0000000,0x00000000a0d3daf8,0x00000000a4700000)
 Metaspace       used 32140K, capacity 32564K, committed 33024K, reserved 1077248K
  class space    used 4417K, capacity 4563K, committed 4608K, reserved 1048576K
}
Event: 42.181 GC heap before
{Heap before GC invocations=8 (full 1):
 PSYoungGen      total 97792K, used 61849K [0x00000000e0000000, 0x00000000e6d80000, 0x0000000100000000)
  eden space 87552K, 60% used [0x00000000e0000000,0x00000000e3407b60,0x00000000e5580000)
  from space 10240K, 83% used [0x00000000e6380000,0x00000000e6bde938,0x00000000e6d80000)
  to   space 12288K, 0% used [0x00000000e5580000,0x00000000e5580000,0x00000000e6180000)
 ParOldGen       total 72704K, used 13558K [0x00000000a0000000, 0x00000000a4700000, 0x00000000e0000000)
  object space 72704K, 18% used [0x00000000a0000000,0x00000000a0d3daf8,0x00000000a4700000)
 Metaspace       used 34509K, capacity 35148K, committed 35416K, reserved 1079296K
  class space    used 4743K, capacity 4896K, committed 4992K, reserved 1048576K
Event: 42.287 GC heap after
Heap after GC invocations=8 (full 1):
 PSYoungGen      total 99840K, used 9314K [0x00000000e0000000, 0x00000000e8980000, 0x0000000100000000)
  eden space 87552K, 0% used [0x00000000e0000000,0x00000000e0000000,0x00000000e5580000)
  from space 12288K, 75% used [0x00000000e5580000,0x00000000e5e98a20,0x00000000e6180000)
  to   space 12288K, 0% used [0x00000000e7d80000,0x00000000e7d80000,0x00000000e8980000)
 ParOldGen       total 72704K, used 13566K [0x00000000a0000000, 0x00000000a4700000, 0x00000000e0000000)
  object space 72704K, 18% used [0x00000000a0000000,0x00000000a0d3faf8,0x00000000a4700000)
 Metaspace       used 34509K, capacity 35148K, committed 35416K, reserved 1079296K
  class space    used 4743K, capacity 4896K, committed 4992K, reserved 1048576K
}
Event: 42.287 GC heap before
{Heap before GC invocations=9 (full 2):
 PSYoungGen      total 99840K, used 9314K [0x00000000e0000000, 0x00000000e8980000, 0x0000000100000000)
  eden space 87552K, 0% used [0x00000000e0000000,0x00000000e0000000,0x00000000e5580000)
  from space 12288K, 75% used [0x00000000e5580000,0x00000000e5e98a20,0x00000000e6180000)
  to   space 12288K, 0% used [0x00000000e7d80000,0x00000000e7d80000,0x00000000e8980000)
 ParOldGen       total 72704K, used 13566K [0x00000000a0000000, 0x00000000a4700000, 0x00000000e0000000)
  object space 72704K, 18% used [0x00000000a0000000,0x00000000a0d3faf8,0x00000000a4700000)
 Metaspace       used 34509K, capacity 35148K, committed 35416K, reserved 1079296K
  class space    used 4743K, capacity 4896K, committed 4992K, reserved 1048576K
Event: 43.391 GC heap after
Heap after GC invocations=9 (full 2):
 PSYoungGen      total 99840K, used 0K [0x00000000e0000000, 0x00000000e8980000, 0x0000000100000000)
  eden space 87552K, 0% used [0x00000000e0000000,0x00000000e0000000,0x00000000e5580000)
  from space 12288K, 0% used [0x00000000e5580000,0x00000000e5580000,0x00000000e6180000)
  to   space 12288K, 0% used [0x00000000e7d80000,0x00000000e7d80000,0x00000000e8980000)
 ParOldGen       total 120320K, used 16031K [0x00000000a0000000, 0x00000000a7580000, 0x00000000e0000000)
  object space 120320K, 13% used [0x00000000a0000000,0x00000000a0fa7f88,0x00000000a7580000)
 Metaspace       used 34509K, capacity 35148K, committed 35416K, reserved 1079296K
  class space    used 4743K, capacity 4896K, committed 4992K, reserved 1048576K
}
Event: 52.353 GC heap before
{Heap before GC invocations=10 (full 2):
 PSYoungGen      total 99840K, used 86706K [0x00000000e0000000, 0x00000000e8980000, 0x0000000100000000)
  eden space 87552K, 99% used [0x00000000e0000000,0x00000000e54ac830,0x00000000e5580000)
  from space 12288K, 0% used [0x00000000e5580000,0x00000000e5580000,0x00000000e6180000)
  to   space 12288K, 0% used [0x00000000e7d80000,0x00000000e7d80000,0x00000000e8980000)
 ParOldGen       total 120320K, used 16031K [0x00000000a0000000, 0x00000000a7580000, 0x00000000e0000000)
  object space 120320K, 13% used [0x00000000a0000000,0x00000000a0fa7f88,0x00000000a7580000)
 Metaspace       used 44132K, capacity 44962K, committed 45400K, reserved 1089536K
  class space    used 5940K, capacity 6167K, committed 6272K, reserved 1048576K
Event: 52.384 GC heap after
Heap after GC invocations=10 (full 2):
 PSYoungGen      total 116224K, used 12273K [0x00000000e0000000, 0x00000000e8980000, 0x0000000100000000)
  eden space 103936K, 0% used [0x00000000e0000000,0x00000000e0000000,0x00000000e6580000)
  from space 12288K, 99% used [0x00000000e7d80000,0x00000000e897c778,0x00000000e8980000)
  to   space 13824K, 0% used [0x00000000e6e80000,0x00000000e6e80000,0x00000000e7c00000)
 ParOldGen       total 120320K, used 16317K [0x00000000a0000000, 0x00000000a7580000, 0x00000000e0000000)
  object space 120320K, 13% used [0x00000000a0000000,0x00000000a0fef6c0,0x00000000a7580000)
 Metaspace       used 44132K, capacity 44962K, committed 45400K, reserved 1089536K
  class space    used 5940K, capacity 6167K, committed 6272K, reserved 1048576K
}
Event: 64.806 GC heap before
{Heap before GC invocations=11 (full 2):
 PSYoungGen      total 116224K, used 116209K [0x00000000e0000000, 0x00000000e8980000, 0x0000000100000000)
  eden space 103936K, 100% used [0x00000000e0000000,0x00000000e6580000,0x00000000e6580000)
  from space 12288K, 99% used [0x00000000e7d80000,0x00000000e897c778,0x00000000e8980000)
  to   space 13824K, 0% used [0x00000000e6e80000,0x00000000e6e80000,0x00000000e7c00000)
 ParOldGen       total 120320K, used 16317K [0x00000000a0000000, 0x00000000a7580000, 0x00000000e0000000)
  object space 120320K, 13% used [0x00000000a0000000,0x00000000a0fef6c0,0x00000000a7580000)
 Metaspace       used 52021K, capacity 53332K, committed 53464K, reserved 1095680K
  class space    used 7029K, capacity 7381K, committed 7424K, reserved 1048576K
Event: 64.872 GC heap after
Heap after GC invocations=11 (full 2):
 PSYoungGen      total 126976K, used 13821K [0x00000000e0000000, 0x00000000e9180000, 0x0000000100000000)
  eden space 113152K, 0% used [0x00000000e0000000,0x00000000e0000000,0x00000000e6e80000)
  from space 13824K, 99% used [0x00000000e6e80000,0x00000000e7bff590,0x00000000e7c00000)
  to   space 16896K, 0% used [0x00000000e8100000,0x00000000e8100000,0x00000000e9180000)
 ParOldGen       total 120320K, used 19624K [0x00000000a0000000, 0x00000000a7580000, 0x00000000e0000000)
  object space 120320K, 16% used [0x00000000a0000000,0x00000000a132a338,0x00000000a7580000)
 Metaspace       used 52021K, capacity 53332K, committed 53464K, reserved 1095680K
  class space    used 7029K, capacity 7381K, committed 7424K, reserved 1048576K
}

